Arguments: 
  /usr/bin/node /usr/bin/yarn add TGALoader

PATH: 
  /usr/lib/node_modules/npm/node_modules/npm-lifecycle/node-gyp-bin:/media/sheff/ADATAHD650/workspace/q_deep_learn_tfjs/node_modules/.bin:/home/sheff/anaconda3/bin:/home/sheff/anaconda3/condabin:/usr/local/sbin:/usr/local/bin:/usr/sbin:/usr/bin:/sbin:/bin:/usr/games:/usr/local/games:/snap/bin

Yarn version: 
  1.22.4

Node version: 
  10.21.0

Platform: 
  linux x64

Trace: 
  Error: https://registry.npmjs.org/TGALoader: Not found
      at Request.params.callback [as _callback] (/usr/lib/node_modules/yarn/lib/cli.js:66987:18)
      at Request.self.callback (/usr/lib/node_modules/yarn/lib/cli.js:140748:22)
      at Request.emit (events.js:198:13)
      at Request.<anonymous> (/usr/lib/node_modules/yarn/lib/cli.js:141720:10)
      at Request.emit (events.js:198:13)
      at IncomingMessage.<anonymous> (/usr/lib/node_modules/yarn/lib/cli.js:141642:12)
      at Object.onceWrapper (events.js:286:20)
      at IncomingMessage.emit (events.js:203:15)
      at endReadableNT (_stream_readable.js:1145:12)
      at process._tickCallback (internal/process/next_tick.js:63:19)

npm manifest: 
  {
    "name": "Reinforcement_Learning_Lab",
    "version": "0.1.0",
    "description": "",
    "main": "index.js",
    "license": "MIT",
    "private": true,
    "engines": {
      "node": ">=8.9.0"
    },
    "dependencies": {
      "@babel/node": "^7.10.1",
      "@tensorflow/tfjs": "^2.0.1",
      "@tensorflow/tfjs-backend-wasm": "^1.5.2-alpha1",
      "@tensorflow/tfjs-converter": "^1.6.1",
      "@tensorflow/tfjs-core": "^1.6.1",
      "@tensorflow/tfjs-node": "2.0.1",
      "@tensorflow/tfjs-node-gpu": "2.0.1",
      "babel-node": "^0.0.1-security",
      "chai": "^4.2.0",
      "express": "^4.17.1",
      "jasmine": "^3.5.0",
      "mocha": "^8.0.1",
      "src": "^1.1.2",
      "tfjs": "^0.6.0"
    },
    "scripts": {
      "watch": "cross-env NODE_ENV=development parcel index.html src/**/* --no-hmr --target browser --global window",
      "build": "cross-env NODE_ENV=production parcel build index.html --target browser --out-dir build --public-url ./",
      "test": "babel-node tests.js",
      "lint": "eslint ."
    },
    "browser": {
      "crypto": false
    },
    "devDependencies": {
      "babel-core": "^6.26.3",
      "babel-plugin-transform-runtime": "^6.23.0",
      "babel-polyfill": "~6.26.0",
      "babel-preset-env": "~1.6.1",
      "clang-format": "~1.2.2",
      "cross-env": "^7.0.2",
      "eslint": "^6.8.0",
      "eslint-config-google": "^0.9.1",
      "parcel-bundler": "~1.10.3",
    },
    "eslintConfig": {
      "extends": "google",
      "rules": {
        "require-jsdoc": 0,
        "valid-jsdoc": 0
      },
      "env": {
        "es6": true
      },
      "parserOptions": {
        "ecmaVersion": 8,
        "sourceType": "module"
      }
    },
    "eslintIgnore": [
      "dist/"
    ],
    "repository": "https://github.com/polyzer/q_deep_learn_tfjs.git",
    "author": "polyzer <realpolyzer@yandex.ru>"
  }

yarn manifest: 
  No manifest

Lockfile: 
  No lockfile
